<?xml version="1.0" encoding="UTF-8"?>
<testsuite xmlns:xsi="http://www.w3.org/2001/XMLSchema-instance" xsi:noNamespaceSchemaLocation="https://maven.apache.org/surefire/maven-surefire-plugin/xsd/surefire-test-report-3.0.xsd" version="3.0" name="ProductsTest" time="2.391" tests="2" errors="0" skipped="0" failures="0">
  <properties>
    <property name="java.specification.version" value="17"/>
    <property name="sun.jnu.encoding" value="UTF-8"/>
    <property name="java.class.path" value="/home/murilo/IdeaProjects/api_project/target/test-classes:/home/murilo/IdeaProjects/api_project/target/classes:/home/murilo/.m2/repository/org/junit/jupiter/junit-jupiter-engine/5.9.1/junit-jupiter-engine-5.9.1.jar:/home/murilo/.m2/repository/org/junit/platform/junit-platform-engine/1.9.1/junit-platform-engine-1.9.1.jar:/home/murilo/.m2/repository/org/opentest4j/opentest4j/1.2.0/opentest4j-1.2.0.jar:/home/murilo/.m2/repository/org/junit/platform/junit-platform-commons/1.9.1/junit-platform-commons-1.9.1.jar:/home/murilo/.m2/repository/org/junit/jupiter/junit-jupiter-api/5.9.1/junit-jupiter-api-5.9.1.jar:/home/murilo/.m2/repository/org/apiguardian/apiguardian-api/1.1.2/apiguardian-api-1.1.2.jar:/home/murilo/.m2/repository/com/aventstack/extentreports/5.1.1/extentreports-5.1.1.jar:/home/murilo/.m2/repository/io/reactivex/rxjava3/rxjava/3.1.6/rxjava-3.1.6.jar:/home/murilo/.m2/repository/org/reactivestreams/reactive-streams/1.0.4/reactive-streams-1.0.4.jar:/home/murilo/.m2/repository/org/freemarker/freemarker/2.3.32/freemarker-2.3.32.jar:/home/murilo/.m2/repository/org/projectlombok/lombok/1.18.26/lombok-1.18.26.jar:/home/murilo/.m2/repository/com/google/code/gson/gson/2.10.1/gson-2.10.1.jar:/home/murilo/.m2/repository/io/rest-assured/rest-assured/5.3.0/rest-assured-5.3.0.jar:/home/murilo/.m2/repository/org/apache/groovy/groovy/4.0.6/groovy-4.0.6.jar:/home/murilo/.m2/repository/org/apache/groovy/groovy-xml/4.0.6/groovy-xml-4.0.6.jar:/home/murilo/.m2/repository/org/apache/httpcomponents/httpclient/4.5.13/httpclient-4.5.13.jar:/home/murilo/.m2/repository/org/apache/httpcomponents/httpcore/4.4.13/httpcore-4.4.13.jar:/home/murilo/.m2/repository/commons-logging/commons-logging/1.2/commons-logging-1.2.jar:/home/murilo/.m2/repository/commons-codec/commons-codec/1.11/commons-codec-1.11.jar:/home/murilo/.m2/repository/org/apache/httpcomponents/httpmime/4.5.13/httpmime-4.5.13.jar:/home/murilo/.m2/repository/org/hamcrest/hamcrest/2.1/hamcrest-2.1.jar:/home/murilo/.m2/repository/org/ccil/cowan/tagsoup/tagsoup/1.2.1/tagsoup-1.2.1.jar:/home/murilo/.m2/repository/io/rest-assured/json-path/5.3.0/json-path-5.3.0.jar:/home/murilo/.m2/repository/org/apache/groovy/groovy-json/4.0.6/groovy-json-4.0.6.jar:/home/murilo/.m2/repository/io/rest-assured/rest-assured-common/5.3.0/rest-assured-common-5.3.0.jar:/home/murilo/.m2/repository/io/rest-assured/xml-path/5.3.0/xml-path-5.3.0.jar:/home/murilo/.m2/repository/org/apache/commons/commons-lang3/3.11/commons-lang3-3.11.jar:"/>
    <property name="java.vm.vendor" value="Oracle Corporation"/>
    <property name="sun.arch.data.model" value="64"/>
    <property name="java.vendor.url" value="https://java.oracle.com/"/>
    <property name="user.timezone" value="America/Sao_Paulo"/>
    <property name="os.name" value="Linux"/>
    <property name="java.vm.specification.version" value="17"/>
    <property name="sun.java.launcher" value="SUN_STANDARD"/>
    <property name="user.country" value="US"/>
    <property name="sun.boot.library.path" value="/usr/lib/jvm/java-17-oracle/lib"/>
    <property name="sun.java.command" value="/home/murilo/IdeaProjects/api_project/target/surefire/surefirebooter-20250612072956076_3.jar /home/murilo/IdeaProjects/api_project/target/surefire 2025-06-12T07-29-55_950-jvmRun1 surefire-20250612072956076_1tmp surefire_0-20250612072956076_2tmp"/>
    <property name="jdk.debug" value="release"/>
    <property name="surefire.test.class.path" value="/home/murilo/IdeaProjects/api_project/target/test-classes:/home/murilo/IdeaProjects/api_project/target/classes:/home/murilo/.m2/repository/org/junit/jupiter/junit-jupiter-engine/5.9.1/junit-jupiter-engine-5.9.1.jar:/home/murilo/.m2/repository/org/junit/platform/junit-platform-engine/1.9.1/junit-platform-engine-1.9.1.jar:/home/murilo/.m2/repository/org/opentest4j/opentest4j/1.2.0/opentest4j-1.2.0.jar:/home/murilo/.m2/repository/org/junit/platform/junit-platform-commons/1.9.1/junit-platform-commons-1.9.1.jar:/home/murilo/.m2/repository/org/junit/jupiter/junit-jupiter-api/5.9.1/junit-jupiter-api-5.9.1.jar:/home/murilo/.m2/repository/org/apiguardian/apiguardian-api/1.1.2/apiguardian-api-1.1.2.jar:/home/murilo/.m2/repository/com/aventstack/extentreports/5.1.1/extentreports-5.1.1.jar:/home/murilo/.m2/repository/io/reactivex/rxjava3/rxjava/3.1.6/rxjava-3.1.6.jar:/home/murilo/.m2/repository/org/reactivestreams/reactive-streams/1.0.4/reactive-streams-1.0.4.jar:/home/murilo/.m2/repository/org/freemarker/freemarker/2.3.32/freemarker-2.3.32.jar:/home/murilo/.m2/repository/org/projectlombok/lombok/1.18.26/lombok-1.18.26.jar:/home/murilo/.m2/repository/com/google/code/gson/gson/2.10.1/gson-2.10.1.jar:/home/murilo/.m2/repository/io/rest-assured/rest-assured/5.3.0/rest-assured-5.3.0.jar:/home/murilo/.m2/repository/org/apache/groovy/groovy/4.0.6/groovy-4.0.6.jar:/home/murilo/.m2/repository/org/apache/groovy/groovy-xml/4.0.6/groovy-xml-4.0.6.jar:/home/murilo/.m2/repository/org/apache/httpcomponents/httpclient/4.5.13/httpclient-4.5.13.jar:/home/murilo/.m2/repository/org/apache/httpcomponents/httpcore/4.4.13/httpcore-4.4.13.jar:/home/murilo/.m2/repository/commons-logging/commons-logging/1.2/commons-logging-1.2.jar:/home/murilo/.m2/repository/commons-codec/commons-codec/1.11/commons-codec-1.11.jar:/home/murilo/.m2/repository/org/apache/httpcomponents/httpmime/4.5.13/httpmime-4.5.13.jar:/home/murilo/.m2/repository/org/hamcrest/hamcrest/2.1/hamcrest-2.1.jar:/home/murilo/.m2/repository/org/ccil/cowan/tagsoup/tagsoup/1.2.1/tagsoup-1.2.1.jar:/home/murilo/.m2/repository/io/rest-assured/json-path/5.3.0/json-path-5.3.0.jar:/home/murilo/.m2/repository/org/apache/groovy/groovy-json/4.0.6/groovy-json-4.0.6.jar:/home/murilo/.m2/repository/io/rest-assured/rest-assured-common/5.3.0/rest-assured-common-5.3.0.jar:/home/murilo/.m2/repository/io/rest-assured/xml-path/5.3.0/xml-path-5.3.0.jar:/home/murilo/.m2/repository/org/apache/commons/commons-lang3/3.11/commons-lang3-3.11.jar:"/>
    <property name="sun.cpu.endian" value="little"/>
    <property name="user.home" value="/home/murilo"/>
    <property name="user.language" value="en"/>
    <property name="java.specification.vendor" value="Oracle Corporation"/>
    <property name="java.version.date" value="2023-01-17"/>
    <property name="java.home" value="/usr/lib/jvm/java-17-oracle"/>
    <property name="file.separator" value="/"/>
    <property name="basedir" value="/home/murilo/IdeaProjects/api_project"/>
    <property name="java.vm.compressedOopsMode" value="Zero based"/>
    <property name="line.separator" value="&#10;"/>
    <property name="java.vm.specification.vendor" value="Oracle Corporation"/>
    <property name="java.specification.name" value="Java Platform API Specification"/>
    <property name="surefire.real.class.path" value="/home/murilo/IdeaProjects/api_project/target/surefire/surefirebooter-20250612072956076_3.jar"/>
    <property name="sun.management.compiler" value="HotSpot 64-Bit Tiered Compilers"/>
    <property name="java.runtime.version" value="17.0.6+9-LTS-190"/>
    <property name="user.name" value="murilo"/>
    <property name="path.separator" value=":"/>
    <property name="os.version" value="6.8.0-60-generic"/>
    <property name="java.runtime.name" value="Java(TM) SE Runtime Environment"/>
    <property name="file.encoding" value="UTF-8"/>
    <property name="java.vm.name" value="Java HotSpot(TM) 64-Bit Server VM"/>
    <property name="localRepository" value="/home/murilo/.m2/repository"/>
    <property name="java.vendor.url.bug" value="https://bugreport.java.com/bugreport/"/>
    <property name="java.io.tmpdir" value="/tmp"/>
    <property name="java.version" value="17.0.6"/>
    <property name="user.dir" value="/home/murilo/IdeaProjects/api_project"/>
    <property name="os.arch" value="amd64"/>
    <property name="java.vm.specification.name" value="Java Virtual Machine Specification"/>
    <property name="native.encoding" value="UTF-8"/>
    <property name="java.library.path" value="/usr/java/packages/lib:/usr/lib64:/lib64:/lib:/usr/lib"/>
    <property name="java.vm.info" value="mixed mode, sharing"/>
    <property name="java.vendor" value="Oracle Corporation"/>
    <property name="java.vm.version" value="17.0.6+9-LTS-190"/>
    <property name="sun.io.unicode.encoding" value="UnicodeLittle"/>
    <property name="java.class.version" value="61.0"/>
  </properties>
  <testcase name="deveRetornarOProdudoPorID" classname="ProductsTest" time="1.026">
    <system-out><![CDATA[HTTP/1.1 200 OK
{
    "id": 192,
    "title": "Rolex Datejust Women",
    "description": "The Rolex Datejust Women's watch is an iconic timepiece designed for women. With a timeless design and a date complication, it offers both elegance and functionality.",
    "category": "womens-watches",
    "price": 10999.99,
    "discountPercentage": 15.94,
    "rating": 2.86,
    "stock": 4,
    "tags": [
        "watches",
        "luxury watches",
        "women's watches"
    ],
    "brand": "Rolex",
    "sku": "WOM-ROL-ROL-192",
    "weight": 3,
    "dimensions": {
        "width": 23.23,
        "height": 7.19,
        "depth": 28.95
    },
    "warrantyInformation": "5 year warranty",
    "shippingInformation": "Ships in 2 weeks",
    "availabilityStatus": "Low Stock",
    "reviews": [
        {
            "rating": 3,
            "comment": "Not as described!",
            "date": "2025-04-30T09:41:02.054Z",
            "reviewerName": "Benjamin Wilson",
            "reviewerEmail": "benjamin.wilson@x.dummyjson.com"
        },
        {
            "rating": 5,
            "comment": "Highly impressed!",
            "date": "2025-04-30T09:41:02.054Z",
            "reviewerName": "Madison Collins",
            "reviewerEmail": "madison.collins@x.dummyjson.com"
        },
        {
            "rating": 4,
            "comment": "Very satisfied!",
            "date": "2025-04-30T09:41:02.054Z",
            "reviewerName": "Lucas Gray",
            "reviewerEmail": "lucas.gray@x.dummyjson.com"
        }
    ],
    "returnPolicy": "No return policy",
    "minimumOrderQuantity": 1,
    "meta": {
        "createdAt": "2025-04-30T09:41:02.054Z",
        "updatedAt": "2025-04-30T09:41:02.054Z",
        "barcode": "1265605585958",
        "qrCode": "https://cdn.dummyjson.com/public/qr-code.png"
    },
    "images": [
        "https://cdn.dummyjson.com/product-images/womens-watches/rolex-datejust-women/1.webp",
        "https://cdn.dummyjson.com/product-images/womens-watches/rolex-datejust-women/2.webp",
        "https://cdn.dummyjson.com/product-images/womens-watches/rolex-datejust-women/3.webp"
    ],
    "thumbnail": "https://cdn.dummyjson.com/product-images/womens-watches/rolex-datejust-women/thumbnail.webp"
}
]]></system-out>
  </testcase>
  <testcase name="deveRetornarTodosOsProdutos" classname="ProductsTest" time="1.242"/>
</testsuite>